[[1;34mINFO[m] Scanning for projects...
[[1;34mINFO[m] 
[[1;34mINFO[m] [1m--------------------< [0;36mcom.polytechnique:TicBnPick[0;1m >---------------------[m
[[1;34mINFO[m] [1mBuilding TicBnPick 0.0.1-SNAPSHOT[m
[[1;34mINFO[m] [1m--------------------------------[ jar ]---------------------------------[m
[[1;34mINFO[m] 
[[1;34mINFO[m] [1m>>> [0;32mspring-boot-maven-plugin:4.0.0:run[m [1m(default-cli)[0;1m > [0;1mtest-compile[m @ [36mTicBnPick[0;1m >>>[m
[[1;34mINFO[m] 
[[1;34mINFO[m] [1m--- [0;32mmaven-resources-plugin:3.3.1:resources[m [1m(default-resources)[m @ [36mTicBnPick[0;1m ---[m
[[1;34mINFO[m] Copying 1 resource from src/main/resources to target/classes
[[1;34mINFO[m] Copying 19 resources from src/main/resources to target/classes
[[1;34mINFO[m] 
[[1;34mINFO[m] [1m--- [0;32mmaven-compiler-plugin:3.14.1:compile[m [1m(default-compile)[m @ [36mTicBnPick[0;1m ---[m
[[1;34mINFO[m] Nothing to compile - all classes are up to date.
[[1;34mINFO[m] 
[[1;34mINFO[m] [1m--- [0;32mmaven-resources-plugin:3.3.1:testResources[m [1m(default-testResources)[m @ [36mTicBnPick[0;1m ---[m
[[1;34mINFO[m] skip non existing resourceDirectory /home/tchoungs/Bureau/TicBnPick/src/test/resources
[[1;34mINFO[m] 
[[1;34mINFO[m] [1m--- [0;32mmaven-compiler-plugin:3.14.1:testCompile[m [1m(default-testCompile)[m @ [36mTicBnPick[0;1m ---[m
[[1;34mINFO[m] Nothing to compile - all classes are up to date.
[[1;34mINFO[m] 
[[1;34mINFO[m] [1m<<< [0;32mspring-boot-maven-plugin:4.0.0:run[m [1m(default-cli)[0;1m < [0;1mtest-compile[m @ [36mTicBnPick[0;1m <<<[m
[[1;34mINFO[m] 
[[1;34mINFO[m] 
[[1;34mINFO[m] [1m--- [0;32mspring-boot-maven-plugin:4.0.0:run[m [1m(default-cli)[m @ [36mTicBnPick[0;1m ---[m
[[1;34mINFO[m] Attaching agents: []

  .   ____          _            __ _ _
 /\\ / ___'_ __ _ _(_)_ __  __ _ \ \ \ \
( ( )\___ | '_ | '_| | '_ \/ _` | \ \ \ \
 \\/  ___)| |_)| | | | | || (_| |  ) ) ) )
  '  |____| .__|_| |_|_| |_\__, | / / / /
 =========|_|==============|___/=/_/_/_/

 :: Spring Boot ::                (v4.0.0)

2026-01-22T22:23:58.805+01:00  INFO 17484 --- [TicBnPick] [  restartedMain] c.p.ticbnpick.TicBnPickApplication       : Starting TicBnPickApplication using Java 21.0.9 with PID 17484 (/home/tchoungs/Bureau/TicBnPick/target/classes started by tchoungs in /home/tchoungs/Bureau/TicBnPick)
2026-01-22T22:23:58.812+01:00  INFO 17484 --- [TicBnPick] [  restartedMain] c.p.ticbnpick.TicBnPickApplication       : The following 1 profile is active: "default"
2026-01-22T22:23:58.908+01:00  INFO 17484 --- [TicBnPick] [  restartedMain] .e.DevToolsPropertyDefaultsPostProcessor : Devtools property defaults active! Set 'spring.devtools.add-properties' to 'false' to disable
2026-01-22T22:24:00.385+01:00  INFO 17484 --- [TicBnPick] [  restartedMain] .s.d.r.c.RepositoryConfigurationDelegate : Bootstrapping Spring Data R2DBC repositories in DEFAULT mode.
2026-01-22T22:24:00.611+01:00  INFO 17484 --- [TicBnPick] [  restartedMain] .s.d.r.c.RepositoryConfigurationDelegate : Finished Spring Data repository scanning in 217 ms. Found 10 R2DBC repository interfaces.
2026-01-22T22:24:03.133+01:00  INFO 17484 --- [TicBnPick] [  restartedMain] o.s.b.a.e.web.EndpointLinksResolver      : Exposing 1 endpoint beneath base path '/actuator'
2026-01-22T22:24:04.332+01:00  INFO 17484 --- [TicBnPick] [  restartedMain] liquibase.database                       : Set default schema name to public
2026-01-22T22:24:05.232+01:00  INFO 17484 --- [TicBnPick] [  restartedMain] liquibase.changelog                      : Reading from public.databasechangelog
2026-01-22T22:24:05.377+01:00  INFO 17484 --- [TicBnPick] [  restartedMain] liquibase.lockservice                    : Successfully acquired change log lock
2026-01-22T22:24:05.380+01:00  INFO 17484 --- [TicBnPick] [  restartedMain] liquibase.command                        : Using deploymentId: 9117043433
2026-01-22T22:24:05.385+01:00  INFO 17484 --- [TicBnPick] [  restartedMain] liquibase.changelog                      : Reading from public.databasechangelog
2026-01-22T22:24:05.419+01:00  INFO 17484 --- [TicBnPick] [  restartedMain] liquibase.ui                             : Running Changeset: db/changelog/changelog-master.xml::001-init-extensions::TicBnpickTeam
2026-01-22T22:24:05.441+01:00  INFO 17484 --- [TicBnPick] [  restartedMain] liquibase.ui                             : extension "uuid-ossp" already exists, skipping
2026-01-22T22:24:05.442+01:00  INFO 17484 --- [TicBnPick] [  restartedMain] liquibase.changelog                      : SQL in file db/changelog/init-extensions.sql executed
2026-01-22T22:24:05.445+01:00  INFO 17484 --- [TicBnPick] [  restartedMain] liquibase.changelog                      : ChangeSet db/changelog/changelog-master.xml::001-init-extensions::TicBnpickTeam ran successfully in 23ms
2026-01-22T22:24:05.462+01:00  INFO 17484 --- [TicBnPick] [  restartedMain] liquibase.ui                             : Running Changeset: db/changelog/changelog-master.xml::-1-drop-all::TicBnPickTeam
2026-01-22T22:24:05.484+01:00  INFO 17484 --- [TicBnPick] [  restartedMain] liquibase.ui                             : table "payments" does not exist, skipping
2026-01-22T22:24:05.487+01:00  INFO 17484 --- [TicBnPick] [  restartedMain] liquibase.ui                             : table "responses" does not exist, skipping
2026-01-22T22:24:05.489+01:00  INFO 17484 --- [TicBnPick] [  restartedMain] liquibase.ui                             : table "deliveries" does not exist, skipping
2026-01-22T22:24:05.490+01:00  INFO 17484 --- [TicBnPick] [  restartedMain] liquibase.ui                             : table "packets" does not exist, skipping
2026-01-22T22:24:05.491+01:00  INFO 17484 --- [TicBnPick] [  restartedMain] liquibase.ui                             : table "announcements" does not exist, skipping
2026-01-22T22:24:05.493+01:00  INFO 17484 --- [TicBnPick] [  restartedMain] liquibase.ui                             : table "logistics" does not exist, skipping
2026-01-22T22:24:05.495+01:00  INFO 17484 --- [TicBnPick] [  restartedMain] liquibase.ui                             : table "couriers" does not exist, skipping
2026-01-22T22:24:05.497+01:00  INFO 17484 --- [TicBnPick] [  restartedMain] liquibase.ui                             : table "delivery_persons" does not exist, skipping
2026-01-22T22:24:05.500+01:00  INFO 17484 --- [TicBnPick] [  restartedMain] liquibase.ui                             : table "clients" does not exist, skipping
2026-01-22T22:24:05.502+01:00  INFO 17484 --- [TicBnPick] [  restartedMain] liquibase.ui                             : table "addresses" does not exist, skipping
2026-01-22T22:24:05.504+01:00  INFO 17484 --- [TicBnPick] [  restartedMain] liquibase.ui                             : table "persons" does not exist, skipping
2026-01-22T22:24:05.505+01:00  INFO 17484 --- [TicBnPick] [  restartedMain] liquibase.ui                             : table "comments" does not exist, skipping
2026-01-22T22:24:05.507+01:00  INFO 17484 --- [TicBnPick] [  restartedMain] liquibase.ui                             : table "notifications" does not exist, skipping
2026-01-22T22:24:05.509+01:00  INFO 17484 --- [TicBnPick] [  restartedMain] liquibase.ui                             : table "person_addresses" does not exist, skipping
2026-01-22T22:24:05.510+01:00  INFO 17484 --- [TicBnPick] [  restartedMain] liquibase.changelog                      : SQL in file db/changelog/drop-all.sql executed
2026-01-22T22:24:05.515+01:00  INFO 17484 --- [TicBnPick] [  restartedMain] liquibase.changelog                      : ChangeSet db/changelog/changelog-master.xml::-1-drop-all::TicBnPickTeam ran successfully in 52ms
2026-01-22T22:24:05.523+01:00  INFO 17484 --- [TicBnPick] [  restartedMain] liquibase.ui                             : Running Changeset: db/changelog/changelog-master.xml::002-create-person::TicBnPickTeam
2026-01-22T22:24:05.573+01:00  INFO 17484 --- [TicBnPick] [  restartedMain] liquibase.changelog                      : SQL in file db/changelog/create-person.sql executed
2026-01-22T22:24:05.578+01:00  INFO 17484 --- [TicBnPick] [  restartedMain] liquibase.changelog                      : ChangeSet db/changelog/changelog-master.xml::002-create-person::TicBnPickTeam ran successfully in 54ms
2026-01-22T22:24:05.588+01:00  INFO 17484 --- [TicBnPick] [  restartedMain] liquibase.ui                             : Running Changeset: db/changelog/changelog-master.xml::003-create-client::TicBnPickTeam
2026-01-22T22:24:05.618+01:00  INFO 17484 --- [TicBnPick] [  restartedMain] liquibase.changelog                      : SQL in file db/changelog/create-client.sql executed
2026-01-22T22:24:05.623+01:00  INFO 17484 --- [TicBnPick] [  restartedMain] liquibase.changelog                      : ChangeSet db/changelog/changelog-master.xml::003-create-client::TicBnPickTeam ran successfully in 34ms
2026-01-22T22:24:05.632+01:00  INFO 17484 --- [TicBnPick] [  restartedMain] liquibase.ui                             : Running Changeset: db/changelog/changelog-master.xml::004-create-courier::TicBnPickTeam
2026-01-22T22:24:05.676+01:00  INFO 17484 --- [TicBnPick] [  restartedMain] liquibase.changelog                      : SQL in file db/changelog/create-delivery-person.sql executed
2026-01-22T22:24:05.681+01:00  INFO 17484 --- [TicBnPick] [  restartedMain] liquibase.changelog                      : ChangeSet db/changelog/changelog-master.xml::004-create-courier::TicBnPickTeam ran successfully in 48ms
2026-01-22T22:24:05.692+01:00  INFO 17484 --- [TicBnPick] [  restartedMain] liquibase.ui                             : Running Changeset: db/changelog/changelog-master.xml::005-create-address::TicBnPickTeam
2026-01-22T22:24:05.719+01:00  INFO 17484 --- [TicBnPick] [  restartedMain] liquibase.changelog                      : SQL in file db/changelog/create-address.sql executed
2026-01-22T22:24:05.724+01:00  INFO 17484 --- [TicBnPick] [  restartedMain] liquibase.changelog                      : ChangeSet db/changelog/changelog-master.xml::005-create-address::TicBnPickTeam ran successfully in 32ms
2026-01-22T22:24:05.733+01:00  INFO 17484 --- [TicBnPick] [  restartedMain] liquibase.ui                             : Running Changeset: db/changelog/changelog-master.xml::006-create-announcement::TicBnPickTeam
2026-01-22T22:24:05.765+01:00  INFO 17484 --- [TicBnPick] [  restartedMain] liquibase.changelog                      : SQL in file db/changelog/create-announcement.sql executed
2026-01-22T22:24:05.771+01:00  INFO 17484 --- [TicBnPick] [  restartedMain] liquibase.changelog                      : ChangeSet db/changelog/changelog-master.xml::006-create-announcement::TicBnPickTeam ran successfully in 38ms
2026-01-22T22:24:05.781+01:00  INFO 17484 --- [TicBnPick] [  restartedMain] liquibase.ui                             : Running Changeset: db/changelog/changelog-master.xml::007-create-packet::TicBnPickTeam
2026-01-22T22:24:05.809+01:00  INFO 17484 --- [TicBnPick] [  restartedMain] liquibase.changelog                      : SQL in file db/changelog/create-packet.sql executed
2026-01-22T22:24:05.814+01:00  INFO 17484 --- [TicBnPick] [  restartedMain] liquibase.changelog                      : ChangeSet db/changelog/changelog-master.xml::007-create-packet::TicBnPickTeam ran successfully in 33ms
2026-01-22T22:24:05.826+01:00  INFO 17484 --- [TicBnPick] [  restartedMain] liquibase.ui                             : Running Changeset: db/changelog/changelog-master.xml::008-create-delivery::TicBnPickTeam
2026-01-22T22:24:05.861+01:00  INFO 17484 --- [TicBnPick] [  restartedMain] liquibase.changelog                      : SQL in file db/changelog/create-delivery.sql executed
2026-01-22T22:24:05.868+01:00  INFO 17484 --- [TicBnPick] [  restartedMain] liquibase.changelog                      : ChangeSet db/changelog/changelog-master.xml::008-create-delivery::TicBnPickTeam ran successfully in 41ms
2026-01-22T22:24:05.884+01:00  INFO 17484 --- [TicBnPick] [  restartedMain] liquibase.ui                             : Running Changeset: db/changelog/changelog-master.xml::009-create-payment::TicBnPickTeam
2026-01-22T22:24:05.915+01:00  INFO 17484 --- [TicBnPick] [  restartedMain] liquibase.changelog                      : SQL in file db/changelog/create-payment.sql executed
2026-01-22T22:24:05.924+01:00  INFO 17484 --- [TicBnPick] [  restartedMain] liquibase.changelog                      : ChangeSet db/changelog/changelog-master.xml::009-create-payment::TicBnPickTeam ran successfully in 40ms
2026-01-22T22:24:05.947+01:00  INFO 17484 --- [TicBnPick] [  restartedMain] liquibase.ui                             : Running Changeset: db/changelog/changelog-master.xml::010-create-logistics::TicBnPickTeam
2026-01-22T22:24:05.980+01:00  INFO 17484 --- [TicBnPick] [  restartedMain] liquibase.changelog                      : SQL in file db/changelog/create-logistics.sql executed
2026-01-22T22:24:05.986+01:00  INFO 17484 --- [TicBnPick] [  restartedMain] liquibase.changelog                      : ChangeSet db/changelog/changelog-master.xml::010-create-logistics::TicBnPickTeam ran successfully in 38ms
2026-01-22T22:24:06.023+01:00  INFO 17484 --- [TicBnPick] [  restartedMain] liquibase.ui                             : Running Changeset: db/changelog/changelog-master.xml::011-create-response::TicBnPickTeam
2026-01-22T22:24:06.058+01:00  INFO 17484 --- [TicBnPick] [  restartedMain] liquibase.changelog                      : SQL in file db/changelog/create-response.sql executed
2026-01-22T22:24:06.068+01:00  INFO 17484 --- [TicBnPick] [  restartedMain] liquibase.changelog                      : ChangeSet db/changelog/changelog-master.xml::011-create-response::TicBnPickTeam ran successfully in 43ms
2026-01-22T22:24:06.097+01:00  INFO 17484 --- [TicBnPick] [  restartedMain] liquibase.ui                             : Running Changeset: db/changelog/changelog-master.xml::013-create-notification::TicBnPickTeam
2026-01-22T22:24:06.140+01:00  INFO 17484 --- [TicBnPick] [  restartedMain] liquibase.changelog                      : SQL in file db/changelog/create-notification.sql executed
2026-01-22T22:24:06.152+01:00  INFO 17484 --- [TicBnPick] [  restartedMain] liquibase.changelog                      : ChangeSet db/changelog/changelog-master.xml::013-create-notification::TicBnPickTeam ran successfully in 55ms
2026-01-22T22:24:06.185+01:00  INFO 17484 --- [TicBnPick] [  restartedMain] liquibase.ui                             : Running Changeset: db/changelog/changelog-master.xml::014-create-comment::TicBnPickTeam
2026-01-22T22:24:06.242+01:00  INFO 17484 --- [TicBnPick] [  restartedMain] liquibase.changelog                      : SQL in file db/changelog/create-comment.sql executed
2026-01-22T22:24:06.251+01:00  INFO 17484 --- [TicBnPick] [  restartedMain] liquibase.changelog                      : ChangeSet db/changelog/changelog-master.xml::014-create-comment::TicBnPickTeam ran successfully in 62ms
2026-01-22T22:24:06.287+01:00  INFO 17484 --- [TicBnPick] [  restartedMain] liquibase.ui                             : Running Changeset: db/changelog/changelog-master.xml::015-create-person-address::TicBnPickTeam
2026-01-22T22:24:06.319+01:00  INFO 17484 --- [TicBnPick] [  restartedMain] liquibase.changelog                      : SQL in file db/changelog/create-person-address.sql executed
2026-01-22T22:24:06.328+01:00  INFO 17484 --- [TicBnPick] [  restartedMain] liquibase.changelog                      : ChangeSet db/changelog/changelog-master.xml::015-create-person-address::TicBnPickTeam ran successfully in 41ms
2026-01-22T22:24:06.392+01:00  INFO 17484 --- [TicBnPick] [  restartedMain] liquibase.util                           : UPDATE SUMMARY
2026-01-22T22:24:06.392+01:00  INFO 17484 --- [TicBnPick] [  restartedMain] liquibase.util                           : Run:                         15
2026-01-22T22:24:06.393+01:00  INFO 17484 --- [TicBnPick] [  restartedMain] liquibase.util                           : Previously run:               1
2026-01-22T22:24:06.393+01:00  INFO 17484 --- [TicBnPick] [  restartedMain] liquibase.util                           : Filtered out:                 0
2026-01-22T22:24:06.393+01:00  INFO 17484 --- [TicBnPick] [  restartedMain] liquibase.util                           : -------------------------------
2026-01-22T22:24:06.393+01:00  INFO 17484 --- [TicBnPick] [  restartedMain] liquibase.util                           : Total change sets:           16
2026-01-22T22:24:06.398+01:00  INFO 17484 --- [TicBnPick] [  restartedMain] liquibase.util                           : Update summary generated
2026-01-22T22:24:06.413+01:00  INFO 17484 --- [TicBnPick] [  restartedMain] liquibase.command                        : Update command completed successfully.
2026-01-22T22:24:06.415+01:00  INFO 17484 --- [TicBnPick] [  restartedMain] liquibase.ui                             : Liquibase: Update has been successful. Rows affected: 3
2026-01-22T22:24:06.429+01:00  INFO 17484 --- [TicBnPick] [  restartedMain] liquibase.lockservice                    : Successfully released change log lock
2026-01-22T22:24:06.432+01:00  INFO 17484 --- [TicBnPick] [  restartedMain] liquibase.command                        : Command execution complete
2026-01-22T22:24:09.766+01:00  INFO 17484 --- [TicBnPick] [  restartedMain] o.s.boot.reactor.netty.NettyWebServer    : Netty started on port 8080 (http)
2026-01-22T22:24:09.777+01:00  INFO 17484 --- [TicBnPick] [  restartedMain] c.p.ticbnpick.TicBnPickApplication       : Started TicBnPickApplication in 11.643 seconds (process running for 12.644)
2026-01-22T22:24:09.781+01:00  INFO 17484 --- [TicBnPick] [  restartedMain] c.p.ticbnpick.config.DataSeeder          : Checking for existing clients...
2026-01-22T22:24:10.285+01:00  INFO 17484 --- [TicBnPick] [tor-tcp-epoll-1] c.p.ticbnpick.config.DataSeeder          : No clients found. Seeding test client...
2026-01-22T22:24:10.409+01:00  INFO 17484 --- [TicBnPick] [tor-tcp-epoll-3] c.p.ticbnpick.config.DataSeeder          :  Test Client Created with ID: 71052332-ccc1-4424-8571-6b23bf7e4977
2026-01-22T22:24:10.410+01:00  INFO 17484 --- [TicBnPick] [tor-tcp-epoll-3] c.p.ticbnpick.config.DataSeeder          : Data seeding check completed.
[[1;34mINFO[m] [1m------------------------------------------------------------------------[m
[[1;34mINFO[m] [1;31mBUILD FAILURE[m
[[1;34mINFO[m] [1m------------------------------------------------------------------------[m
[[1;34mINFO[m] Total time:  09:33 min
[[1;34mINFO[m] Finished at: 2026-01-22T22:33:22+01:00
[[1;34mINFO[m] [1m------------------------------------------------------------------------[m
[[1;31mERROR[m] Failed to execute goal [32morg.springframework.boot:spring-boot-maven-plugin:4.0.0:run[m [1m(default-cli)[m on project [36mTicBnPick[m: [1;31mProcess terminated with exit code: 137[m -> [1m[Help 1][m
[[1;31mERROR[m] 
[[1;31mERROR[m] To see the full stack trace of the errors, re-run Maven with the [1m-e[m switch.
[[1;31mERROR[m] Re-run Maven using the [1m-X[m switch to enable full debug logging.
[[1;31mERROR[m] 
[[1;31mERROR[m] For more information about the errors and possible solutions, please read the following articles:
[[1;31mERROR[m] [1m[Help 1][m http://cwiki.apache.org/confluence/display/MAVEN/MojoExecutionException
